ID_EXIT, 970
ID_1MINUS, 24
ID_1PLUS, 52
ID_2DUP, 59
ID_2LITERAL, 0
ID_2LITERAL_P, 0
ID_2MINUS, 0
ID_2OVER, 0
ID_2PLUS, 0
ID_2SWAP, 5
ID_2_R_FETCH, 0
ID_2_R_FROM, 0
ID_2_TO_R, 0
ID_ACCEPT_P, 0
ID_ALITERAL, 0
ID_ALITERAL_P, 0
ID_ALLOCATE, 0
ID_AND, 23
ID_ARSHIFT, 0
ID_BAIL, 0
ID_BODY_OFFSET, 0
ID_BRANCH, 68
ID_BYE, 0
ID_CALL_C, 0
ID_CFETCH, 53
ID_CMOVE, 1
ID_CMOVE_UP, 0
ID_COLON, 2
ID_COLON_P, 0
ID_COMPARE, 0
ID_COMP_EQUAL, 24
ID_COMP_GREATERTHAN, 24
ID_COMP_LESSTHAN, 55
ID_COMP_NOT_EQUAL, 0
ID_COMP_U_GREATERTHAN, 0
ID_COMP_U_LESSTHAN, 0
ID_COMP_ZERO_EQUAL, 62
ID_COMP_ZERO_GREATERTHAN, 40
ID_COMP_ZERO_LESSTHAN, 32
ID_COMP_ZERO_NOT_EQUAL, 2
ID_CR, 0
ID_CREATE, 0
ID_CREATE_P, 260
ID_CSTORE, 32
ID_DEFER, 0
ID_DEFER_P, 21
ID_DEPTH, 0
ID_DIVIDE, 0
ID_DOT, 0
ID_DOTS, 0
ID_DO_P, 1
ID_DROP, 89
ID_DUMP, 0
ID_DUP, 205
ID_D_MINUS, 0
ID_D_MTIMES, 0
ID_D_MUSMOD, 31
ID_D_PLUS, 12
ID_D_UMSMOD, 0
ID_D_UMTIMES, 24
ID_EMIT, 0
ID_EMIT_P, 16
ID_EOL, 0
ID_ERRORQ_P, 4
ID_EXECUTE, 0
ID_FETCH, 307
ID_FILE_CLOSE, 0
ID_FILE_CREATE, 0
ID_FILE_OPEN, 0
ID_FILE_POSITION, 0
ID_FILE_READ, 0
ID_FILE_REPOSITION, 0
ID_FILE_RO, 0
ID_FILE_RW, 0
ID_FILE_SIZE, 0
ID_FILE_WRITE, 0
ID_FILL, 1
ID_FIND, 0
ID_FINDNFA, 0
ID_FLUSHEMIT, 0
ID_FREE, 0
ID_HERE, 47
ID_NUMBERQ_P, 0
ID_I, 16
ID_INCLUDE_FILE, 0
ID_J, 0
ID_KEY, 0
ID_LEAVE_P, 0
ID_LITERAL, 0
ID_LITERAL_P, 331
ID_LOADSYS, 0
ID_LOCAL_COMPILER, 2
ID_LOCAL_ENTRY, 5
ID_LOCAL_EXIT, 5
ID_LOCAL_FETCH, 0
ID_LOCAL_FETCH_1, 15
ID_LOCAL_FETCH_2, 10
ID_LOCAL_FETCH_3, 0
ID_LOCAL_FETCH_4, 0
ID_LOCAL_FETCH_5, 5
ID_LOCAL_FETCH_6, 0
ID_LOCAL_FETCH_7, 10
ID_LOCAL_FETCH_8, 0
ID_LOCAL_PLUSSTORE, 0
ID_LOCAL_STORE, 0
ID_LOCAL_STORE_1, 5
ID_LOCAL_STORE_2, 0
ID_LOCAL_STORE_3, 5
ID_LOCAL_STORE_4, 5
ID_LOCAL_STORE_5, 5
ID_LOCAL_STORE_6, 5
ID_LOCAL_STORE_7, 5
ID_LOCAL_STORE_8, 5
ID_LOOP_P, 152
ID_LSHIFT, 0
ID_MAX, 0
ID_MIN, 2
ID_MINUS, 53
ID_NAME_TO_PREVIOUS, 0
ID_NAME_TO_TOKEN, 0
ID_NOOP, 0
ID_NUMBERQ, 0
ID_OR, 39
ID_OVER, 197
ID_PICK, 3
ID_PLUS, 273
ID_PLUSLOOP_P, 0
ID_PLUS_STORE, 44
ID_QDO_P, 16
ID_QDUP, 0
ID_QTERMINAL, 0
ID_QUIT_P, 0
ID_REFILL, 0
ID_RESIZE, 0
ID_RESTORE_INPUT, 0
ID_ROLL, 0
ID_ROT, 81
ID_RP_FETCH, 0
ID_RP_STORE, 0
ID_RSHIFT, 0
ID_R_DROP, 5
ID_R_FETCH, 27
ID_R_FROM, 66
ID_SAVE_FORTH_P, 0
ID_SAVE_INPUT, 0
ID_SCAN, 2
ID_SEMICOLON, 2
ID_SKIP, 0
ID_SOURCE, 2
ID_SOURCE_ID, 0
ID_SOURCE_ID_POP, 0
ID_SOURCE_ID_PUSH, 0
ID_SOURCE_SET, 0
ID_SP_FETCH, 0
ID_SP_STORE, 0
ID_STORE, 61
ID_SWAP, 221
ID_TEST1, 0
ID_TEST2, 0
ID_TEST3, 0
ID_TICK, 0
ID_TIMES, 0
ID_TO_R, 71
ID_TYPE, 33
ID_TYPE_P, 0
ID_VAR_BASE, 67
ID_VAR_CODE_BASE, 5
ID_VAR_CODE_LIMIT, 1
ID_VAR_CONTEXT, 0
ID_VAR_DP, 23
ID_VAR_ECHO, 0
ID_VAR_HEADERS_BASE, 1
ID_VAR_HEADERS_LIMIT, 1
ID_VAR_HEADERS_PTR, 0
ID_VAR_NUM_TIB, 0
ID_VAR_OUT, 0
ID_VAR_RETURN_CODE, 0
ID_VAR_SOURCE_ID, 0
ID_VAR_STATE, 6
ID_VAR_TO_IN, 4
ID_VAR_TRACE_FLAGS, 0
ID_VAR_TRACE_LEVEL, 0
ID_VAR_TRACE_STACK, 0
ID_VLIST, 0
ID_WORD, 0
ID_WORD_FETCH, 0
ID_WORD_STORE, 0
ID_XOR, 0
ID_ZERO_BRANCH, 270
ID_CATCH, 0
ID_THROW, 0
ID_INTERPRET, 0
ID_FILE_WO, 0
ID_FILE_BIN, 0
ID_CELL, 31
ID_CELLS, 0
ID_FILE_DELETE, 0
